<?xml version="1.0" encoding="UTF-8"?>
<coverage generated="1478027148">
  <project timestamp="1478027148">
    <package name="Kata">
      <file name="/Users/ramon.puiggene/Desktop/phpkata/php-kata/src/Kata/HelloWorld.php">
        <class name="HelloWorld" namespace="Kata">
          <metrics complexity="4" methods="2" coveredmethods="2" conditionals="0" coveredconditionals="0" statements="2" coveredstatements="2" elements="4" coveredelements="4"/>
        </class>
        <line num="17" type="method" name="say" visibility="public" complexity="2" crap="2" count="4"/>
        <line num="19" type="stmt" count="4"/>
        <line num="27" type="method" name="isNullOrEmptyString" visibility="private" complexity="2" crap="2" count="4"/>
        <line num="29" type="stmt" count="4"/>
        <metrics loc="31" ncloc="18" classes="1" methods="2" coveredmethods="2" conditionals="0" coveredconditionals="0" statements="2" coveredstatements="2" elements="4" coveredelements="4"/>
      </file>
    </package>
    <metrics files="1" loc="31" ncloc="18" classes="1" methods="2" coveredmethods="2" conditionals="0" coveredconditionals="0" statements="2" coveredstatements="2" elements="4" coveredelements="4"/>
  </project>
</coverage>
